<?xml version="1.0" encoding="UTF-8"?>
<!-- Generated by org.testng.reporters.JUnitReportReporter -->
<testsuite hostname="Adithya-PC" failures="0" tests="1" name="tests.TestcasesFlow" time="68.692" errors="0" timestamp="2023-12-27T05:49:21 IST" skipped="0">
  <testcase classname="tests.TestcasesFlow" name="Returns_and_orders" time="68.692"/>
</testsuite> <!-- tests.TestcasesFlow -->
